GROUP,PACKAGE,CLASS,INSTRUCTION_MISSED,INSTRUCTION_COVERED,BRANCH_MISSED,BRANCH_COVERED,LINE_MISSED,LINE_COVERED,COMPLEXITY_MISSED,COMPLEXITY_COVERED,METHOD_MISSED,METHOD_COVERED
Klojang Check,org.klojang.util.invoke,BeanReader,140,0,4,0,31,0,13,0,11,0
Klojang Check,org.klojang.util.invoke,BeanWriter,477,0,44,0,103,0,45,0,23,0
Klojang Check,org.klojang.util.invoke,IncludeExclude,22,0,2,0,4,0,3,0,2,0
Klojang Check,org.klojang.util.invoke,InvokeException,68,11,0,0,12,3,3,2,3,2
Klojang Check,org.klojang.util.invoke,GetterFactory,85,0,4,0,15,0,7,0,5,0
Klojang Check,org.klojang.util.invoke,NoPublicGettersException,6,0,0,0,2,0,1,0,1,0
Klojang Check,org.klojang.util.invoke,NoSuchPropertyException,37,0,2,0,8,0,4,0,3,0
Klojang Check,org.klojang.util.invoke,Getter,31,0,0,0,11,0,4,0,4,0
Klojang Check,org.klojang.util.invoke,IllegalAssignmentException,46,0,0,0,14,0,6,0,6,0
Klojang Check,org.klojang.util.invoke,AnyBeanReader,58,0,0,0,15,0,5,0,5,0
Klojang Check,org.klojang.util.invoke,SetterFactory,83,0,4,0,15,0,7,0,5,0
Klojang Check,org.klojang.util.invoke,NoPublicSettersException,6,0,0,0,2,0,1,0,1,0
Klojang Check,org.klojang.util.invoke,Setter,62,0,4,0,21,0,7,0,5,0
Klojang Check,org.klojang.util.exception,RootException,53,27,0,0,17,5,12,4,12,4
Klojang Check,org.klojang.util.exception,ExceptionOrigin,71,179,15,19,12,39,17,12,8,4
Klojang Check,org.klojang.util.exception,UncheckedException,55,44,2,2,16,11,12,5,10,5
Klojang Check,org.klojang.util,ToIntConversion,41,96,8,14,5,15,8,13,3,7
Klojang Check,org.klojang.util,ToByteConversion,36,134,7,21,5,15,7,20,3,10
Klojang Check,org.klojang.util,ToShortConversion,6,153,0,26,2,18,1,24,1,11
Klojang Check,org.klojang.util,ArrayMethods,79,1173,8,60,16,221,16,101,10,73
Klojang Check,org.klojang.util,IOMethods,55,468,1,15,22,94,5,36,4,29
Klojang Check,org.klojang.util,TypeConversionException,15,142,4,12,3,23,7,10,3,6
Klojang Check,org.klojang.util,IOMethods.new SimpleFileVisitor() {...},0,11,0,0,0,5,0,3,0,3
Klojang Check,org.klojang.util,LaxTuple2,30,21,8,0,3,3,8,3,4,3
Klojang Check,org.klojang.util,MorphToNumber,6,121,1,21,2,26,2,14,1,4
Klojang Check,org.klojang.util,MathMethods,6,1187,0,90,2,191,1,82,1,37
Klojang Check,org.klojang.util,ToLongConversion,3,127,4,22,1,29,5,16,1,7
Klojang Check,org.klojang.util,ExceptionMethods,22,308,3,25,6,57,4,25,1,14
Klojang Check,org.klojang.util,MorphToCollection,40,152,1,11,9,33,7,15,6,10
Klojang Check,org.klojang.util,IntPair,21,0,0,0,2,0,4,0,4,0
Klojang Check,org.klojang.util,MorphToArray,7,168,1,21,2,40,2,16,1,6
Klojang Check,org.klojang.util,ToBigDecimalConversion,8,3,0,0,3,1,2,1,2,1
Klojang Check,org.klojang.util,ToFloatConversion,6,108,0,14,2,22,1,13,1,6
Klojang Check,org.klojang.util,ClassMethods,116,324,11,35,21,67,13,35,6,19
Klojang Check,org.klojang.util,ToBigIntegerConversion,19,58,1,3,7,16,3,6,2,5
Klojang Check,org.klojang.util,ArrayType,5,301,1,17,1,68,1,28,0,20
Klojang Check,org.klojang.util,Morph,58,92,12,16,13,27,9,9,0,4
Klojang Check,org.klojang.util,ObjectMethods,67,1074,24,248,17,187,20,172,3,53
Klojang Check,org.klojang.util,StringMethods,71,1765,14,230,9,360,14,177,2,67
Klojang Check,org.klojang.util,CollectionMethods,49,907,4,40,10,164,5,62,2,43
Klojang Check,org.klojang.util,Tuple2,0,35,0,0,0,7,0,5,0,5
Klojang Check,org.klojang.util,ToDoubleConversion,6,74,0,8,2,20,1,9,1,5
Klojang Check,org.klojang.util,NumberMethods,42,922,5,99,11,198,6,102,1,55
Klojang Check,org.klojang.util,Bool,25,265,9,47,1,50,9,45,0,26
Klojang Check,org.klojang.util,Pair,27,0,0,0,6,0,4,0,4,0
Klojang Check,org.klojang.util,MorphToEnum,6,59,2,8,2,10,3,5,1,2
Klojang Check,org.klojang.util.collection,UnmodifiableIntList,2,290,1,19,1,62,1,46,0,37
Klojang Check,org.klojang.util.collection,EnumToIntMap,16,536,3,29,3,96,3,56,0,43
Klojang Check,org.klojang.util.collection,IntArrayList,30,737,5,51,8,163,5,69,1,45
Klojang Check,org.klojang.util.collection,IntList,27,169,8,4,8,30,6,10,1,9
Klojang Check,org.klojang.util.util,MutableInt,0,281,0,44,0,46,0,52,0,30
Klojang Check,org.klojang.util.util,EnumParser.ParseTarget,0,27,0,0,0,5,0,1,0,1
Klojang Check,org.klojang.util.util,ResizeMethod,25,155,1,23,3,29,1,16,0,4
Klojang Check,org.klojang.util.util,EnumParser,15,264,0,22,4,42,0,23,0,12
Klojang Check,org.klojang.util.path,PrimitiveArraySegmentWriter,47,0,6,0,12,0,5,0,2,0
Klojang Check,org.klojang.util.path,PathWalker,295,0,6,0,52,0,20,0,17,0
Klojang Check,org.klojang.util.path,ListSegmentWriter,55,0,4,0,14,0,4,0,2,0
Klojang Check,org.klojang.util.path,SegmentReader,18,0,2,0,7,0,3,0,2,0
Klojang Check,org.klojang.util.path,SegmentWriter,18,0,2,0,7,0,3,0,2,0
Klojang Check,org.klojang.util.path,KeyDeserializationException,7,0,0,0,4,0,2,0,2,0
Klojang Check,org.klojang.util.path,BeanSegmentWriter,74,0,2,0,18,0,3,0,2,0
Klojang Check,org.klojang.util.path,CollectionSegmentReader,62,0,10,0,12,0,7,0,2,0
Klojang Check,org.klojang.util.path,ErrorCode,75,0,0,0,13,0,1,0,1,0
Klojang Check,org.klojang.util.path,BeanSegmentReader,65,0,2,0,13,0,3,0,2,0
Klojang Check,org.klojang.util.path,MapSegmentReader,58,0,6,0,12,0,5,0,2,0
Klojang Check,org.klojang.util.path,Path,690,0,61,0,120,0,70,0,39,0
Klojang Check,org.klojang.util.path,ArraySegmentReader,47,0,4,0,9,0,4,0,2,0
Klojang Check,org.klojang.util.path,ObjectWriter,146,0,16,0,30,0,11,0,3,0
Klojang Check,org.klojang.util.path,ObjectReader,113,0,14,0,20,0,10,0,3,0
Klojang Check,org.klojang.util.path,ArraySegmentWriter,62,0,8,0,15,0,6,0,2,0
Klojang Check,org.klojang.util.path,MapSegmentWriter,49,0,2,0,14,0,3,0,2,0
Klojang Check,org.klojang.util.path,Path.new Iterator() {...},42,0,4,0,5,0,5,0,3,0
Klojang Check,org.klojang.util.path,PrimitiveArraySegmentReader,53,0,6,0,11,0,5,0,2,0
Klojang Check,org.klojang.util.path,PathWalkerException,463,0,2,0,55,0,28,0,27,0
