<?xml version="1.0" encoding="UTF-8"?>
<testsuite xmlns:xsi="http://www.w3.org/2001/XMLSchema-instance" xsi:noNamespaceSchemaLocation="https://maven.apache.org/surefire/maven-surefire-plugin/xsd/surefire-test-report-3.0.xsd" version="3.0" name="org.klojang.util.util.MapBuilderTest" time="0.051" tests="43" errors="0" skipped="0" failures="0">
  <properties>
[...]
</properties>
  <testcase name="jump00" classname="org.klojang.util.util.MapBuilderTest" time="0.002"/>
  <testcase name="badSegment00" classname="org.klojang.util.util.MapBuilderTest" time="0.005">
    <system-out><![CDATA[illegal null segment in path "^0.street"
]]></system-out>
  </testcase>
  <testcase name="unset00" classname="org.klojang.util.util.MapBuilderTest" time="0"/>
  <testcase name="unset01" classname="org.klojang.util.util.MapBuilderTest" time="0"/>
  <testcase name="unset02" classname="org.klojang.util.util.MapBuilderTest" time="0"/>
  <testcase name="unset03" classname="org.klojang.util.util.MapBuilderTest" time="0"/>
  <testcase name="sourceMap00" classname="org.klojang.util.util.MapBuilderTest" time="0.001"/>
  <testcase name="sourceMap01" classname="org.klojang.util.util.MapBuilderTest" time="0">
    <system-out><![CDATA[illegal empty key in source map
]]></system-out>
  </testcase>
  <testcase name="sourceMap02" classname="org.klojang.util.util.MapBuilderTest" time="0"/>
  <testcase name="in00" classname="org.klojang.util.util.MapBuilderTest" time="0.001"/>
  <testcase name="in01" classname="org.klojang.util.util.MapBuilderTest" time="0.001">
    <system-out><![CDATA[path "foo.bar.bozo" blocked by terminal value "teapot"
]]></system-out>
  </testcase>
  <testcase name="in02" classname="org.klojang.util.util.MapBuilderTest" time="0"/>
  <testcase name="in03" classname="org.klojang.util.util.MapBuilderTest" time="0.001"/>
  <testcase name="in04" classname="org.klojang.util.util.MapBuilderTest" time="0"/>
  <testcase name="up00" classname="org.klojang.util.util.MapBuilderTest" time="0"/>
  <testcase name="up01" classname="org.klojang.util.util.MapBuilderTest" time="0"/>
  <testcase name="up02" classname="org.klojang.util.util.MapBuilderTest" time="0.001">
    <system-out><![CDATA[expected segment: "person"; provided segment: "teapot"
]]></system-out>
  </testcase>
  <testcase name="up03" classname="org.klojang.util.util.MapBuilderTest" time="0">
    <system-out><![CDATA[already in root map
]]></system-out>
  </testcase>
  <testcase name="up04" classname="org.klojang.util.util.MapBuilderTest" time="0"/>
  <testcase name="up05" classname="org.klojang.util.util.MapBuilderTest" time="0"/>
  <testcase name="up06" classname="org.klojang.util.util.MapBuilderTest" time="0.001"/>
  <testcase name="get00" classname="org.klojang.util.util.MapBuilderTest" time="0.001"/>
  <testcase name="get01" classname="org.klojang.util.util.MapBuilderTest" time="0"/>
  <testcase name="set00" classname="org.klojang.util.util.MapBuilderTest" time="0"/>
  <testcase name="set01" classname="org.klojang.util.util.MapBuilderTest" time="0.001"/>
  <testcase name="set02" classname="org.klojang.util.util.MapBuilderTest" time="0"/>
  <testcase name="set03" classname="org.klojang.util.util.MapBuilderTest" time="0.001"/>
  <testcase name="set04" classname="org.klojang.util.util.MapBuilderTest" time="0.028"/>
  <testcase name="set05" classname="org.klojang.util.util.MapBuilderTest" time="0.001"/>
  <testcase name="set06" classname="org.klojang.util.util.MapBuilderTest" time="0"/>
  <testcase name="set07" classname="org.klojang.util.util.MapBuilderTest" time="0.001"/>
  <testcase name="reset00" classname="org.klojang.util.util.MapBuilderTest" time="0"/>
  <testcase name="reset01" classname="org.klojang.util.util.MapBuilderTest" time="0.001">
    <system-out><![CDATA[already in root map
]]></system-out>
  </testcase>
  <testcase name="isSet00" classname="org.klojang.util.util.MapBuilderTest" time="0"/>
  <testcase name="isSet01" classname="org.klojang.util.util.MapBuilderTest" time="0"/>
  <testcase name="isSet02" classname="org.klojang.util.util.MapBuilderTest" time="0.003"/>
  <testcase name="isSet03" classname="org.klojang.util.util.MapBuilderTest" time="0"/>
  <testcase name="isSet04" classname="org.klojang.util.util.MapBuilderTest" time="0"/>
  <testcase name="isSet05" classname="org.klojang.util.util.MapBuilderTest" time="0"/>
  <testcase name="isSet06" classname="org.klojang.util.util.MapBuilderTest" time="0"/>
  <testcase name="isSet07" classname="org.klojang.util.util.MapBuilderTest" time="0"/>
  <testcase name="isSet08" classname="org.klojang.util.util.MapBuilderTest" time="0"/>
  <testcase name="isSet09" classname="org.klojang.util.util.MapBuilderTest" time="0"/>
</testsuite>