<?xml version="1.0" encoding="UTF-8"?>
<testsuite xmlns:xsi="http://www.w3.org/2001/XMLSchema-instance" xsi:noNamespaceSchemaLocation="https://maven.apache.org/surefire/maven-surefire-plugin/xsd/surefire-test-report-3.0.xsd" version="3.0" name="org.klojang.util.collection.IntArrayListTest" time="0.014" tests="24" errors="0" skipped="0" failures="0">
  <properties>
[...]
</properties>
  <testcase name="constructor00" classname="org.klojang.util.collection.IntArrayListTest" time="0"/>
  <testcase name="retainAll00" classname="org.klojang.util.collection.IntArrayListTest" time="0.001"/>
  <testcase name="addAll00" classname="org.klojang.util.collection.IntArrayListTest" time="0"/>
  <testcase name="addAll01" classname="org.klojang.util.collection.IntArrayListTest" time="0.003"/>
  <testcase name="addAll02" classname="org.klojang.util.collection.IntArrayListTest" time="0.001"/>
  <testcase name="addAll03" classname="org.klojang.util.collection.IntArrayListTest" time="0"/>
  <testcase name="size00" classname="org.klojang.util.collection.IntArrayListTest" time="0"/>
  <testcase name="removeByValue00" classname="org.klojang.util.collection.IntArrayListTest" time="0"/>
  <testcase name="sort00" classname="org.klojang.util.collection.IntArrayListTest" time="0.001"/>
  <testcase name="indexOf00" classname="org.klojang.util.collection.IntArrayListTest" time="0.001"/>
  <testcase name="removeAll00" classname="org.klojang.util.collection.IntArrayListTest" time="0.001"/>
  <testcase name="add00" classname="org.klojang.util.collection.IntArrayListTest" time="0.001"/>
  <testcase name="get00" classname="org.klojang.util.collection.IntArrayListTest" time="0"/>
  <testcase name="trimAndResize00" classname="org.klojang.util.collection.IntArrayListTest" time="0"/>
  <testcase name="set00" classname="org.klojang.util.collection.IntArrayListTest" time="0"/>
  <testcase name="hashCode00" classname="org.klojang.util.collection.IntArrayListTest" time="0"/>
  <testcase name="forEachThrowing00" classname="org.klojang.util.collection.IntArrayListTest" time="0.002"/>
  <testcase name="equals00" classname="org.klojang.util.collection.IntArrayListTest" time="0"/>
  <testcase name="forEach00" classname="org.klojang.util.collection.IntArrayListTest" time="0.001"/>
  <testcase name="removeByIndex00" classname="org.klojang.util.collection.IntArrayListTest" time="0"/>
  <testcase name="clear00" classname="org.klojang.util.collection.IntArrayListTest" time="0"/>
  <testcase name="toString00" classname="org.klojang.util.collection.IntArrayListTest" time="0.001"/>
  <testcase name="stream00" classname="org.klojang.util.collection.IntArrayListTest" time="0.001"/>
  <testcase name="toArray00" classname="org.klojang.util.collection.IntArrayListTest" time="0"/>
</testsuite>