<?xml version="1.0" encoding="UTF-8"?>
<testsuite xmlns:xsi="http://www.w3.org/2001/XMLSchema-instance" xsi:noNamespaceSchemaLocation="https://maven.apache.org/surefire/maven-surefire-plugin/xsd/surefire-test-report-3.0.xsd" version="3.0" name="org.klojang.util.IOMethodsTest" time="0.024" tests="8" errors="0" skipped="0" failures="0">
  <properties>
[...]
</properties>
  <testcase name="pipe00" classname="org.klojang.util.IOMethodsTest" time="0.002"/>
  <testcase name="pipe01" classname="org.klojang.util.IOMethodsTest" time="0"/>
  <testcase name="read00" classname="org.klojang.util.IOMethodsTest" time="0.003"/>
  <testcase name="getContents00" classname="org.klojang.util.IOMethodsTest" time="0"/>
  <testcase name="getContents01" classname="org.klojang.util.IOMethodsTest" time="0.012"/>
  <testcase name="rm00" classname="org.klojang.util.IOMethodsTest" time="0.005"/>
  <testcase name="rm01" classname="org.klojang.util.IOMethodsTest" time="0"/>
  <testcase name="write00" classname="org.klojang.util.IOMethodsTest" time="0.001"/>
</testsuite>