<?xml version="1.0" encoding="UTF-8"?>
<testsuite xmlns:xsi="http://www.w3.org/2001/XMLSchema-instance" xsi:noNamespaceSchemaLocation="https://maven.apache.org/surefire/maven-surefire-plugin/xsd/surefire-test-report-3.0.xsd" version="3.0" name="org.klojang.util.path.PathTest" time="0.006" tests="44" errors="0" skipped="0" failures="0">
  <properties>
[...]
</properties>
  <testcase name="iterator00" classname="org.klojang.util.path.PathTest" time="0.001"/>
  <testcase name="iterator01" classname="org.klojang.util.path.PathTest" time="0"/>
  <testcase name="empty00" classname="org.klojang.util.path.PathTest" time="0.001"/>
  <testcase name="append" classname="org.klojang.util.path.PathTest" time="0"/>
  <testcase name="copy00" classname="org.klojang.util.path.PathTest" time="0"/>
  <testcase name="escape" classname="org.klojang.util.path.PathTest" time="0"/>
  <testcase name="parse01" classname="org.klojang.util.path.PathTest" time="0"/>
  <testcase name="parse02" classname="org.klojang.util.path.PathTest" time="0"/>
  <testcase name="parse03" classname="org.klojang.util.path.PathTest" time="0"/>
  <testcase name="parse04" classname="org.klojang.util.path.PathTest" time="0.001"/>
  <testcase name="parse05" classname="org.klojang.util.path.PathTest" time="0"/>
  <testcase name="parse06" classname="org.klojang.util.path.PathTest" time="0"/>
  <testcase name="parse07" classname="org.klojang.util.path.PathTest" time="0"/>
  <testcase name="parse08" classname="org.klojang.util.path.PathTest" time="0"/>
  <testcase name="parse09" classname="org.klojang.util.path.PathTest" time="0"/>
  <testcase name="getPurePath" classname="org.klojang.util.path.PathTest" time="0.001"/>
  <testcase name="replace00" classname="org.klojang.util.path.PathTest" time="0"/>
  <testcase name="compareTo00" classname="org.klojang.util.path.PathTest" time="0"/>
  <testcase name="of00" classname="org.klojang.util.path.PathTest" time="0"/>
  <testcase name="of01" classname="org.klojang.util.path.PathTest" time="0"/>
  <testcase name="of02" classname="org.klojang.util.path.PathTest" time="0"/>
  <testcase name="of03" classname="org.klojang.util.path.PathTest" time="0"/>
  <testcase name="of04" classname="org.klojang.util.path.PathTest" time="0"/>
  <testcase name="of05" classname="org.klojang.util.path.PathTest" time="0"/>
  <testcase name="of06" classname="org.klojang.util.path.PathTest" time="0"/>
  <testcase name="path" classname="org.klojang.util.path.PathTest" time="0"/>
  <testcase name="shift" classname="org.klojang.util.path.PathTest" time="0.001"/>
  <testcase name="reverse00" classname="org.klojang.util.path.PathTest" time="0"/>
  <testcase name="subpath01" classname="org.klojang.util.path.PathTest" time="0"/>
  <testcase name="subpath02" classname="org.klojang.util.path.PathTest" time="0"/>
  <testcase name="subpath03" classname="org.klojang.util.path.PathTest" time="0"/>
  <testcase name="subpath04" classname="org.klojang.util.path.PathTest" time="0"/>
  <testcase name="subpath05" classname="org.klojang.util.path.PathTest" time="0"/>
  <testcase name="subpath06" classname="org.klojang.util.path.PathTest" time="0"/>
  <testcase name="equals00" classname="org.klojang.util.path.PathTest" time="0.001"/>
  <testcase name="ofSegments" classname="org.klojang.util.path.PathTest" time="0"/>
  <testcase name="parent01" classname="org.klojang.util.path.PathTest" time="0"/>
  <testcase name="toString00" classname="org.klojang.util.path.PathTest" time="0"/>
  <testcase name="toString01" classname="org.klojang.util.path.PathTest" time="0"/>
  <testcase name="toString02" classname="org.klojang.util.path.PathTest" time="0"/>
  <testcase name="toString03" classname="org.klojang.util.path.PathTest" time="0"/>
  <testcase name="toString04" classname="org.klojang.util.path.PathTest" time="0"/>
  <testcase name="toString05" classname="org.klojang.util.path.PathTest" time="0"/>
  <testcase name="toString06" classname="org.klojang.util.path.PathTest" time="0"/>
</testsuite>