<?xml version="1.0" encoding="UTF-8"?>
<testsuite xmlns:xsi="http://www.w3.org/2001/XMLSchema-instance" xsi:noNamespaceSchemaLocation="https://maven.apache.org/surefire/maven-surefire-plugin/xsd/surefire-test-report-3.0.xsd" version="3.0" name="org.klojang.util.collection.EnumToIntMapTest" time="0.026" tests="29" errors="0" skipped="0" failures="0">
  <properties>
[...]
</properties>
  <testcase name="entrySet00" classname="org.klojang.util.collection.EnumToIntMapTest" time="0.008"/>
  <testcase name="containsKey01" classname="org.klojang.util.collection.EnumToIntMapTest" time="0.001"/>
  <testcase name="putGenericMap00" classname="org.klojang.util.collection.EnumToIntMapTest" time="0.001"/>
  <testcase name="constructor00" classname="org.klojang.util.collection.EnumToIntMapTest" time="0"/>
  <testcase name="constructor01" classname="org.klojang.util.collection.EnumToIntMapTest" time="0.001"/>
  <testcase name="values00" classname="org.klojang.util.collection.EnumToIntMapTest" time="0"/>
  <testcase name="toGenericMap00" classname="org.klojang.util.collection.EnumToIntMapTest" time="0.003"/>
  <testcase name="size01" classname="org.klojang.util.collection.EnumToIntMapTest" time="0.001"/>
  <testcase name="EnumToIntMap01" classname="org.klojang.util.collection.EnumToIntMapTest" time="0"/>
  <testcase name="EnumToIntMap02" classname="org.klojang.util.collection.EnumToIntMapTest" time="0.001"/>
  <testcase name="EnumToIntMap03" classname="org.klojang.util.collection.EnumToIntMapTest" time="0.001"/>
  <testcase name="EnumToIntMap04" classname="org.klojang.util.collection.EnumToIntMapTest" time="0.001"/>
  <testcase name="intValues00" classname="org.klojang.util.collection.EnumToIntMapTest" time="0"/>
  <testcase name="put01" classname="org.klojang.util.collection.EnumToIntMapTest" time="0"/>
  <testcase name="put02" classname="org.klojang.util.collection.EnumToIntMapTest" time="0"/>
  <testcase name="set01" classname="org.klojang.util.collection.EnumToIntMapTest" time="0"/>
  <testcase name="hashCode00" classname="org.klojang.util.collection.EnumToIntMapTest" time="0"/>
  <testcase name="containsValue01" classname="org.klojang.util.collection.EnumToIntMapTest" time="0.001"/>
  <testcase name="keySet00" classname="org.klojang.util.collection.EnumToIntMapTest" time="0"/>
  <testcase name="forEach00" classname="org.klojang.util.collection.EnumToIntMapTest" time="0.002"/>
  <testcase name="clear00" classname="org.klojang.util.collection.EnumToIntMapTest" time="0"/>
  <testcase name="getOrDefault00" classname="org.klojang.util.collection.EnumToIntMapTest" time="0"/>
  <testcase name="putAll00" classname="org.klojang.util.collection.EnumToIntMapTest" time="0.001"/>
  <testcase name="putAll01" classname="org.klojang.util.collection.EnumToIntMapTest" time="0"/>
  <testcase name="putAll02" classname="org.klojang.util.collection.EnumToIntMapTest" time="0"/>
  <testcase name="putAll03" classname="org.klojang.util.collection.EnumToIntMapTest" time="0"/>
  <testcase name="putAll04" classname="org.klojang.util.collection.EnumToIntMapTest" time="0"/>
  <testcase name="putAll05" classname="org.klojang.util.collection.EnumToIntMapTest" time="0"/>
  <testcase name="toString00" classname="org.klojang.util.collection.EnumToIntMapTest" time="0.001"/>
</testsuite>