<?xml version="1.0" encoding="UTF-8"?>
<testsuite xmlns:xsi="http://www.w3.org/2001/XMLSchema-instance" xsi:noNamespaceSchemaLocation="https://maven.apache.org/surefire/maven-surefire-plugin/xsd/surefire-test-report-3.0.xsd" version="3.0" name="org.klojang.util.MathMethodsTest" time="0.03" tests="158" errors="0" skipped="0" failures="0">
  <properties>
[...]
</properties>
  <testcase name="indexOfLastGrid00" classname="org.klojang.util.MathMethodsTest" time="0"/>
  <testcase name="rasterizeObjsCM00" classname="org.klojang.util.MathMethodsTest" time="0.001"/>
  <testcase name="rasterizeObjsCM01" classname="org.klojang.util.MathMethodsTest" time="0.001"/>
  <testcase name="rasterizeObjsCM02" classname="org.klojang.util.MathMethodsTest" time="0"/>
  <testcase name="rasterizeObjsCM03" classname="org.klojang.util.MathMethodsTest" time="0"/>
  <testcase name="rasterizeObjsCM04" classname="org.klojang.util.MathMethodsTest" time="0"/>
  <testcase name="rasterizeObjsCM05" classname="org.klojang.util.MathMethodsTest" time="0"/>
  <testcase name="rasterizeObjsCM06" classname="org.klojang.util.MathMethodsTest" time="0"/>
  <testcase name="rasterizeObjsCM07" classname="org.klojang.util.MathMethodsTest" time="0"/>
  <testcase name="rasterizeObjsCM08" classname="org.klojang.util.MathMethodsTest" time="0"/>
  <testcase name="rasterizeObjsCM09" classname="org.klojang.util.MathMethodsTest" time="0"/>
  <testcase name="rasterizeObjsCM10" classname="org.klojang.util.MathMethodsTest" time="0"/>
  <testcase name="rasterizeObjsCM11" classname="org.klojang.util.MathMethodsTest" time="0"/>
  <testcase name="gridCount00" classname="org.klojang.util.MathMethodsTest" time="0"/>
  <testcase name="divHalfUp00" classname="org.klojang.util.MathMethodsTest" time="0"/>
  <testcase name="divHalfUp01" classname="org.klojang.util.MathMethodsTest" time="0"/>
  <testcase name="divHalfUp02" classname="org.klojang.util.MathMethodsTest" time="0"/>
  <testcase name="divHalfUp03" classname="org.klojang.util.MathMethodsTest" time="0"/>
  <testcase name="rasterizeIntsCM00" classname="org.klojang.util.MathMethodsTest" time="0"/>
  <testcase name="rasterizeIntsCM01" classname="org.klojang.util.MathMethodsTest" time="0"/>
  <testcase name="rasterizeIntsCM02" classname="org.klojang.util.MathMethodsTest" time="0.001"/>
  <testcase name="rasterizeIntsCM03" classname="org.klojang.util.MathMethodsTest" time="0"/>
  <testcase name="rasterizeIntsCM04" classname="org.klojang.util.MathMethodsTest" time="0"/>
  <testcase name="rasterizeIntsCM05" classname="org.klojang.util.MathMethodsTest" time="0"/>
  <testcase name="rasterizeIntsCM06" classname="org.klojang.util.MathMethodsTest" time="0"/>
  <testcase name="rasterizeIntsCM07" classname="org.klojang.util.MathMethodsTest" time="0"/>
  <testcase name="rasterizeIntsCM08" classname="org.klojang.util.MathMethodsTest" time="0"/>
  <testcase name="rasterizeIntsCM09" classname="org.klojang.util.MathMethodsTest" time="0"/>
  <testcase name="rasterizeIntsCM10" classname="org.klojang.util.MathMethodsTest" time="0"/>
  <testcase name="rasterizeIntsCM11" classname="org.klojang.util.MathMethodsTest" time="0"/>
  <testcase name="getPageCount00" classname="org.klojang.util.MathMethodsTest" time="0"/>
  <testcase name="getPageCount01" classname="org.klojang.util.MathMethodsTest" time="0"/>
  <testcase name="getPageCount02" classname="org.klojang.util.MathMethodsTest" time="0"/>
  <testcase name="countEmptyRowsOnLastPage00" classname="org.klojang.util.MathMethodsTest" time="0.001"/>
  <testcase name="gridRowColumnCM00" classname="org.klojang.util.MathMethodsTest" time="0"/>
  <testcase name="countRowsOnLastPage00" classname="org.klojang.util.MathMethodsTest" time="0"/>
  <testcase name="rasterizeObjsNoPaddingCM00" classname="org.klojang.util.MathMethodsTest" time="0"/>
  <testcase name="rasterizeObjsNoPaddingCM01" classname="org.klojang.util.MathMethodsTest" time="0"/>
  <testcase name="rasterizeObjsNoPaddingCM02" classname="org.klojang.util.MathMethodsTest" time="0"/>
  <testcase name="rasterizeObjsNoPaddingCM03" classname="org.klojang.util.MathMethodsTest" time="0"/>
  <testcase name="rasterizeObjsNoPaddingCM04" classname="org.klojang.util.MathMethodsTest" time="0.001"/>
  <testcase name="rasterizeObjsNoPaddingCM05" classname="org.klojang.util.MathMethodsTest" time="0"/>
  <testcase name="rasterizeObjsNoPaddingCM06" classname="org.klojang.util.MathMethodsTest" time="0"/>
  <testcase name="rasterizeObjsNoPaddingCM07" classname="org.klojang.util.MathMethodsTest" time="0"/>
  <testcase name="rasterizeObjsNoPaddingCM08" classname="org.klojang.util.MathMethodsTest" time="0"/>
  <testcase name="rasterizeObjsNoPaddingCM09" classname="org.klojang.util.MathMethodsTest" time="0"/>
  <testcase name="rasterizeObjsNoPaddingCM10" classname="org.klojang.util.MathMethodsTest" time="0"/>
  <testcase name="rasterizeObjsNoPaddingCM11" classname="org.klojang.util.MathMethodsTest" time="0.001"/>
  <testcase name="gridRowColumn00" classname="org.klojang.util.MathMethodsTest" time="0"/>
  <testcase name="abs00" classname="org.klojang.util.MathMethodsTest" time="0"/>
  <testcase name="abs01" classname="org.klojang.util.MathMethodsTest" time="0"/>
  <testcase name="abs02" classname="org.klojang.util.MathMethodsTest" time="0"/>
  <testcase name="abs03" classname="org.klojang.util.MathMethodsTest" time="0"/>
  <testcase name="abs04" classname="org.klojang.util.MathMethodsTest" time="0"/>
  <testcase name="abs05" classname="org.klojang.util.MathMethodsTest" time="0.001"/>
  <testcase name="abs06" classname="org.klojang.util.MathMethodsTest" time="0"/>
  <testcase name="abs07" classname="org.klojang.util.MathMethodsTest" time="0"/>
  <testcase name="abs08" classname="org.klojang.util.MathMethodsTest" time="0"/>
  <testcase name="abs09" classname="org.klojang.util.MathMethodsTest" time="0"/>
  <testcase name="getPageIndex00" classname="org.klojang.util.MathMethodsTest" time="0"/>
  <testcase name="rasterizeIntsNoPadding00" classname="org.klojang.util.MathMethodsTest" time="0"/>
  <testcase name="rasterizeIntsNoPadding01" classname="org.klojang.util.MathMethodsTest" time="0.001"/>
  <testcase name="rasterizeIntsNoPadding02" classname="org.klojang.util.MathMethodsTest" time="0"/>
  <testcase name="rasterizeIntsNoPadding03" classname="org.klojang.util.MathMethodsTest" time="0"/>
  <testcase name="rasterizeIntsNoPadding04" classname="org.klojang.util.MathMethodsTest" time="0"/>
  <testcase name="rasterizeIntsNoPadding05" classname="org.klojang.util.MathMethodsTest" time="0"/>
  <testcase name="rasterizeIntsNoPadding06" classname="org.klojang.util.MathMethodsTest" time="0"/>
  <testcase name="rasterizeIntsNoPadding07" classname="org.klojang.util.MathMethodsTest" time="0"/>
  <testcase name="rasterizeIntsNoPadding08" classname="org.klojang.util.MathMethodsTest" time="0"/>
  <testcase name="rasterizeIntsNoPadding09" classname="org.klojang.util.MathMethodsTest" time="0.001"/>
  <testcase name="rasterizeIntsNoPadding10" classname="org.klojang.util.MathMethodsTest" time="0"/>
  <testcase name="rasterizeIntsNoPadding11" classname="org.klojang.util.MathMethodsTest" time="0"/>
  <testcase name="rasterizeIntsNoPadding12" classname="org.klojang.util.MathMethodsTest" time="0"/>
  <testcase name="rasterizeIntsNoPadding13" classname="org.klojang.util.MathMethodsTest" time="0"/>
  <testcase name="rasterizeIntsNoPadding14" classname="org.klojang.util.MathMethodsTest" time="0"/>
  <testcase name="rasterizeIntsNoPadding15" classname="org.klojang.util.MathMethodsTest" time="0.001"/>
  <testcase name="rasterizeIntsNoPadding16" classname="org.klojang.util.MathMethodsTest" time="0"/>
  <testcase name="rasterizeIntsNoPadding17" classname="org.klojang.util.MathMethodsTest" time="0"/>
  <testcase name="getRowIndex00" classname="org.klojang.util.MathMethodsTest" time="0"/>
  <testcase name="getRowIndex01" classname="org.klojang.util.MathMethodsTest" time="0"/>
  <testcase name="getRowIndex02" classname="org.klojang.util.MathMethodsTest" time="0"/>
  <testcase name="rasterizeIntsNoPaddingCM00" classname="org.klojang.util.MathMethodsTest" time="0"/>
  <testcase name="rasterizeIntsNoPaddingCM01" classname="org.klojang.util.MathMethodsTest" time="0"/>
  <testcase name="rasterizeIntsNoPaddingCM02" classname="org.klojang.util.MathMethodsTest" time="0"/>
  <testcase name="rasterizeIntsNoPaddingCM03" classname="org.klojang.util.MathMethodsTest" time="0.001"/>
  <testcase name="rasterizeIntsNoPaddingCM04" classname="org.klojang.util.MathMethodsTest" time="0"/>
  <testcase name="rasterizeIntsNoPaddingCM05" classname="org.klojang.util.MathMethodsTest" time="0"/>
  <testcase name="rasterizeIntsNoPaddingCM06" classname="org.klojang.util.MathMethodsTest" time="0"/>
  <testcase name="rasterizeIntsNoPaddingCM07" classname="org.klojang.util.MathMethodsTest" time="0"/>
  <testcase name="rasterizeIntsNoPaddingCM08" classname="org.klojang.util.MathMethodsTest" time="0.001"/>
  <testcase name="rasterizeIntsNoPaddingCM09" classname="org.klojang.util.MathMethodsTest" time="0"/>
  <testcase name="rasterizeIntsNoPaddingCM10" classname="org.klojang.util.MathMethodsTest" time="0"/>
  <testcase name="rasterizeIntsNoPaddingCM11" classname="org.klojang.util.MathMethodsTest" time="0"/>
  <testcase name="getRowIndexCM00" classname="org.klojang.util.MathMethodsTest" time="0.001"/>
  <testcase name="divHalfDown00" classname="org.klojang.util.MathMethodsTest" time="0"/>
  <testcase name="divHalfDown01" classname="org.klojang.util.MathMethodsTest" time="0"/>
  <testcase name="divHalfDown02" classname="org.klojang.util.MathMethodsTest" time="0"/>
  <testcase name="divHalfDown03" classname="org.klojang.util.MathMethodsTest" time="0.001"/>
  <testcase name="divHalfDown04" classname="org.klojang.util.MathMethodsTest" time="0"/>
  <testcase name="divHalfDown05" classname="org.klojang.util.MathMethodsTest" time="0"/>
  <testcase name="divHalfDown06" classname="org.klojang.util.MathMethodsTest" time="0"/>
  <testcase name="rasterizeObjsNoPadding00" classname="org.klojang.util.MathMethodsTest" time="0"/>
  <testcase name="rasterizeObjsNoPadding01" classname="org.klojang.util.MathMethodsTest" time="0"/>
  <testcase name="rasterizeObjsNoPadding02" classname="org.klojang.util.MathMethodsTest" time="0.001"/>
  <testcase name="rasterizeObjsNoPadding03" classname="org.klojang.util.MathMethodsTest" time="0"/>
  <testcase name="rasterizeObjsNoPadding04" classname="org.klojang.util.MathMethodsTest" time="0"/>
  <testcase name="rasterizeObjsNoPadding05" classname="org.klojang.util.MathMethodsTest" time="0"/>
  <testcase name="rasterizeObjsNoPadding06" classname="org.klojang.util.MathMethodsTest" time="0"/>
  <testcase name="rasterizeObjsNoPadding07" classname="org.klojang.util.MathMethodsTest" time="0"/>
  <testcase name="rasterizeObjsNoPadding08" classname="org.klojang.util.MathMethodsTest" time="0"/>
  <testcase name="rasterizeObjsNoPadding09" classname="org.klojang.util.MathMethodsTest" time="0"/>
  <testcase name="rasterizeObjsNoPadding10" classname="org.klojang.util.MathMethodsTest" time="0"/>
  <testcase name="rasterizeObjsNoPadding11" classname="org.klojang.util.MathMethodsTest" time="0"/>
  <testcase name="rasterizeObjsNoPadding12" classname="org.klojang.util.MathMethodsTest" time="0"/>
  <testcase name="rasterizeObjsNoPadding13" classname="org.klojang.util.MathMethodsTest" time="0"/>
  <testcase name="rasterizeObjsNoPadding14" classname="org.klojang.util.MathMethodsTest" time="0"/>
  <testcase name="rasterizeObjsNoPadding15" classname="org.klojang.util.MathMethodsTest" time="0"/>
  <testcase name="rasterizeObjsNoPadding16" classname="org.klojang.util.MathMethodsTest" time="0"/>
  <testcase name="rasterizeObjsNoPadding17" classname="org.klojang.util.MathMethodsTest" time="0"/>
  <testcase name="getColumnIndexCM00" classname="org.klojang.util.MathMethodsTest" time="0"/>
  <testcase name="getColumnIndex00" classname="org.klojang.util.MathMethodsTest" time="0"/>
  <testcase name="divDown00" classname="org.klojang.util.MathMethodsTest" time="0"/>
  <testcase name="rasterizeInts00" classname="org.klojang.util.MathMethodsTest" time="0"/>
  <testcase name="rasterizeInts01" classname="org.klojang.util.MathMethodsTest" time="0"/>
  <testcase name="rasterizeInts02" classname="org.klojang.util.MathMethodsTest" time="0"/>
  <testcase name="rasterizeInts03" classname="org.klojang.util.MathMethodsTest" time="0"/>
  <testcase name="rasterizeInts04" classname="org.klojang.util.MathMethodsTest" time="0"/>
  <testcase name="rasterizeInts05" classname="org.klojang.util.MathMethodsTest" time="0.001"/>
  <testcase name="rasterizeInts06" classname="org.klojang.util.MathMethodsTest" time="0"/>
  <testcase name="rasterizeInts07" classname="org.klojang.util.MathMethodsTest" time="0"/>
  <testcase name="rasterizeInts08" classname="org.klojang.util.MathMethodsTest" time="0"/>
  <testcase name="rasterizeInts09" classname="org.klojang.util.MathMethodsTest" time="0"/>
  <testcase name="rasterizeInts10" classname="org.klojang.util.MathMethodsTest" time="0"/>
  <testcase name="rasterizeInts11" classname="org.klojang.util.MathMethodsTest" time="0"/>
  <testcase name="rasterizeInts12" classname="org.klojang.util.MathMethodsTest" time="0"/>
  <testcase name="rasterizeInts13" classname="org.klojang.util.MathMethodsTest" time="0"/>
  <testcase name="rasterizeInts14" classname="org.klojang.util.MathMethodsTest" time="0"/>
  <testcase name="rasterizeInts15" classname="org.klojang.util.MathMethodsTest" time="0"/>
  <testcase name="rasterizeInts16" classname="org.klojang.util.MathMethodsTest" time="0"/>
  <testcase name="rasterizeInts17" classname="org.klojang.util.MathMethodsTest" time="0.001"/>
  <testcase name="rasterizeObjs00" classname="org.klojang.util.MathMethodsTest" time="0"/>
  <testcase name="rasterizeObjs01" classname="org.klojang.util.MathMethodsTest" time="0"/>
  <testcase name="rasterizeObjs02" classname="org.klojang.util.MathMethodsTest" time="0"/>
  <testcase name="rasterizeObjs03" classname="org.klojang.util.MathMethodsTest" time="0"/>
  <testcase name="rasterizeObjs04" classname="org.klojang.util.MathMethodsTest" time="0"/>
  <testcase name="rasterizeObjs05" classname="org.klojang.util.MathMethodsTest" time="0"/>
  <testcase name="rasterizeObjs06" classname="org.klojang.util.MathMethodsTest" time="0.001"/>
  <testcase name="rasterizeObjs07" classname="org.klojang.util.MathMethodsTest" time="0"/>
  <testcase name="rasterizeObjs08" classname="org.klojang.util.MathMethodsTest" time="0"/>
  <testcase name="rasterizeObjs09" classname="org.klojang.util.MathMethodsTest" time="0"/>
  <testcase name="rasterizeObjs10" classname="org.klojang.util.MathMethodsTest" time="0"/>
  <testcase name="rasterizeObjs11" classname="org.klojang.util.MathMethodsTest" time="0"/>
  <testcase name="rasterizeObjs12" classname="org.klojang.util.MathMethodsTest" time="0"/>
  <testcase name="rasterizeObjs13" classname="org.klojang.util.MathMethodsTest" time="0.001"/>
  <testcase name="rasterizeObjs14" classname="org.klojang.util.MathMethodsTest" time="0"/>
  <testcase name="rasterizeObjs15" classname="org.klojang.util.MathMethodsTest" time="0"/>
  <testcase name="rasterizeObjs16" classname="org.klojang.util.MathMethodsTest" time="0"/>
  <testcase name="rasterizeObjs17" classname="org.klojang.util.MathMethodsTest" time="0"/>
</testsuite>